<?xml version="1.0" encoding="UTF-8"?>
<!-- Generated by org.testng.reporters.JUnitReportReporter -->
<testsuite skipped="0" hostname="DESKTOP-7IJ20C2" name="Demo.module.Bank" tests="2" failures="0" timestamp="12 Feb 2018 16:09:47 GMT" time="13.272" errors="0">
  <testcase name="setUrl" time="13.162" classname="Demo.module.Bank"/>
  <testcase name="Email" time="0.110" classname="Demo.module.Bank"/>
</testsuite> <!-- Demo.module.Bank -->
