<?xml version="1.0" encoding="UTF-8"?>
<!-- Generated by org.testng.reporters.JUnitReportReporter -->
<testsuite skipped="0" hostname="DESKTOP-7IJ20C2" name="Demo.module.login2" tests="1" failures="0" timestamp="16 Jan 2018 12:26:54 GMT" time="0.105" errors="0">
  <testcase name="password" time="0.105" classname="Demo.module.login2"/>
</testsuite> <!-- Demo.module.login2 -->
